\BOOKMARK [1][]{section.2}{1 Introduction}{}% 1
\BOOKMARK [1][]{section.3}{2 Background}{}% 2
\BOOKMARK [2][]{subsection.4}{2.1 Facial Expressions}{section.3}% 3
\BOOKMARK [3][]{subsubsection.5}{2.1.1 Facial Action Coding System \(FACS\)}{subsection.4}% 4
\BOOKMARK [3][]{subsubsection.8}{2.1.2 Interpreting emotions}{subsection.4}% 5
\BOOKMARK [2][]{subsection.13}{2.2 Facial Expression Analysis}{section.3}% 6
\BOOKMARK [2][]{subsection.14}{2.3 Databases}{section.3}% 7
\BOOKMARK [2][]{subsection.15}{2.4 Deep Learning}{section.3}% 8
\BOOKMARK [3][]{subsubsection.16}{2.4.1 Deep Convolutional Neural Networks}{subsection.15}% 9
\BOOKMARK [3][]{subsubsection.29}{2.4.2 Optimisers}{subsection.15}% 10
\BOOKMARK [3][]{subsubsection.35}{2.4.3 Activation functions}{subsection.15}% 11
\BOOKMARK [3][]{subsubsection.36}{2.4.4 Models}{subsection.15}% 12
\BOOKMARK [1][]{section.39}{3 EmotioNet Database}{}% 13
\BOOKMARK [2][]{subsection.40}{3.1 Downloading}{section.39}% 14
\BOOKMARK [3][]{subsubsection.41}{3.1.1 Reading the xlsx file}{subsection.40}% 15
\BOOKMARK [3][]{subsubsection.42}{3.1.2 Downloading the image}{subsection.40}% 16
\BOOKMARK [3][]{subsubsection.43}{3.1.3 Storing the image}{subsection.40}% 17
\BOOKMARK [2][]{subsection.44}{3.2 Converting to TFRecords}{section.39}% 18
\BOOKMARK [2][]{subsection.45}{3.3 Extending TF-Slim datasets}{section.39}% 19
\BOOKMARK [2][]{subsection.46}{3.4 Annotating Valence and Arousal}{section.39}% 20
\BOOKMARK [1][]{section.47}{4 Action Unit Classification}{}% 21
\BOOKMARK [2][]{subsection.48}{4.1 VGG 16}{section.47}% 22
\BOOKMARK [2][]{subsection.49}{4.2 ResNet}{section.47}% 23
\BOOKMARK [1][]{section.50}{5 Valence and Arousal Regression}{}% 24
\BOOKMARK [2][]{subsection.51}{5.1 VGG 16}{section.50}% 25
\BOOKMARK [2][]{subsection.52}{5.2 ResNet}{section.50}% 26
